# JRE version: Java(TM) SE Runtime Environment (8.0_121-b13) (build 1.8.0_121-b13)
# Java VM: Java HotSpot(TM) 64-Bit Server VM (25.121-b13 mixed mode linux-amd64 compressed oops)
Heap:
 PSYoungGen      total 103936K, used 19197K [0x00000000e1f80000, 0x00000000e8e80000, 0x0000000100000000)
  eden space 95744K, 13% used [0x00000000e1f80000,0x00000000e2bc68b8,0x00000000e7d00000)
  from space 8192K, 80% used [0x00000000e8580000,0x00000000e8bf8c78,0x00000000e8d80000)
  to   space 8704K, 0% used [0x00000000e7d00000,0x00000000e7d00000,0x00000000e8580000)
 ParOldGen       total 62976K, used 8452K [0x00000000a5e00000, 0x00000000a9b80000, 0x00000000e1f80000)
  object space 62976K, 13% used [0x00000000a5e00000,0x00000000a6641070,0x00000000a9b80000)
 Metaspace       used 19693K, capacity 20206K, committed 20352K, reserved 1067008K
  class space    used 2432K, capacity 2581K, committed 2688K, reserved 1048576K
GC Heap History (10 events):
Event: 4,080 GC heap after
Heap after GC invocations=1 (full 0):
 PSYoungGen      total 27648K, used 3569K [0x00000000e1f80000, 0x00000000e3e00000, 0x0000000100000000)
  eden space 24064K, 0% used [0x00000000e1f80000,0x00000000e1f80000,0x00000000e3700000)
  from space 3584K, 99% used [0x00000000e3700000,0x00000000e3a7c598,0x00000000e3a80000)
  to   space 3584K, 0% used [0x00000000e3a80000,0x00000000e3a80000,0x00000000e3e00000)
 ParOldGen       total 62976K, used 263K [0x00000000a5e00000, 0x00000000a9b80000, 0x00000000e1f80000)
  object space 62976K, 0% used [0x00000000a5e00000,0x00000000a5e41d20,0x00000000a9b80000)
 Metaspace       used 7467K, capacity 7688K, committed 7936K, reserved 1056768K
  class space    used 913K, capacity 988K, committed 1024K, reserved 1048576K
}
Event: 5,687 GC heap before
{Heap before GC invocations=2 (full 0):
 PSYoungGen      total 27648K, used 27633K [0x00000000e1f80000, 0x00000000e3e00000, 0x0000000100000000)
  eden space 24064K, 100% used [0x00000000e1f80000,0x00000000e3700000,0x00000000e3700000)
  from space 3584K, 99% used [0x00000000e3700000,0x00000000e3a7c598,0x00000000e3a80000)
  to   space 3584K, 0% used [0x00000000e3a80000,0x00000000e3a80000,0x00000000e3e00000)
 ParOldGen       total 62976K, used 263K [0x00000000a5e00000, 0x00000000a9b80000, 0x00000000e1f80000)
  object space 62976K, 0% used [0x00000000a5e00000,0x00000000a5e41d20,0x00000000a9b80000)
 Metaspace       used 8712K, capacity 8846K, committed 9088K, reserved 1056768K
  class space    used 1079K, capacity 1117K, committed 1152K, reserved 1048576K
Event: 5,718 GC heap after
Heap after GC invocations=2 (full 0):
 PSYoungGen      total 27648K, used 3553K [0x00000000e1f80000, 0x00000000e5580000, 0x0000000100000000)
  eden space 24064K, 0% used [0x00000000e1f80000,0x00000000e1f80000,0x00000000e3700000)
  from space 3584K, 99% used [0x00000000e3a80000,0x00000000e3df85e8,0x00000000e3e00000)
  to   space 3584K, 0% used [0x00000000e3700000,0x00000000e3700000,0x00000000e3a80000)
 ParOldGen       total 62976K, used 356K [0x00000000a5e00000, 0x00000000a9b80000, 0x00000000e1f80000)
  object space 62976K, 0% used [0x00000000a5e00000,0x00000000a5e59238,0x00000000a9b80000)
 Metaspace       used 8712K, capacity 8846K, committed 9088K, reserved 1056768K
  class space    used 1079K, capacity 1117K, committed 1152K, reserved 1048576K
}
Event: 7,479 GC heap before
{Heap before GC invocations=3 (full 0):
 PSYoungGen      total 27648K, used 27617K [0x00000000e1f80000, 0x00000000e5580000, 0x0000000100000000)
  eden space 24064K, 100% used [0x00000000e1f80000,0x00000000e3700000,0x00000000e3700000)
  from space 3584K, 99% used [0x00000000e3a80000,0x00000000e3df85e8,0x00000000e3e00000)
  to   space 3584K, 0% used [0x00000000e3700000,0x00000000e3700000,0x00000000e3a80000)
 ParOldGen       total 62976K, used 356K [0x00000000a5e00000, 0x00000000a9b80000, 0x00000000e1f80000)
  object space 62976K, 0% used [0x00000000a5e00000,0x00000000a5e59238,0x00000000a9b80000)
 Metaspace       used 11432K, capacity 11668K, committed 11904K, reserved 1058816K
  class space    used 1438K, capacity 1544K, committed 1664K, reserved 1048576K
Event: 7,530 GC heap after
Heap after GC invocations=3 (full 0):
 PSYoungGen      total 27648K, used 3565K [0x00000000e1f80000, 0x00000000e5580000, 0x0000000100000000)
  eden space 24064K, 0% used [0x00000000e1f80000,0x00000000e1f80000,0x00000000e3700000)
  from space 3584K, 99% used [0x00000000e3700000,0x00000000e3a7b5a0,0x00000000e3a80000)
  to   space 3584K, 0% used [0x00000000e5200000,0x00000000e5200000,0x00000000e5580000)
 ParOldGen       total 62976K, used 2191K [0x00000000a5e00000, 0x00000000a9b80000, 0x00000000e1f80000)
  object space 62976K, 3% used [0x00000000a5e00000,0x00000000a6023eb8,0x00000000a9b80000)
 Metaspace       used 11432K, capacity 11668K, committed 11904K, reserved 1058816K
  class space    used 1438K, capacity 1544K, committed 1664K, reserved 1048576K
}
Event: 11,425 GC heap before
{Heap before GC invocations=4 (full 0):
 PSYoungGen      total 27648K, used 27629K [0x00000000e1f80000, 0x00000000e5580000, 0x0000000100000000)
  eden space 24064K, 100% used [0x00000000e1f80000,0x00000000e3700000,0x00000000e3700000)
  from space 3584K, 99% used [0x00000000e3700000,0x00000000e3a7b5a0,0x00000000e3a80000)
  to   space 3584K, 0% used [0x00000000e5200000,0x00000000e5200000,0x00000000e5580000)
 ParOldGen       total 62976K, used 2191K [0x00000000a5e00000, 0x00000000a9b80000, 0x00000000e1f80000)
  object space 62976K, 3% used [0x00000000a5e00000,0x00000000a6023eb8,0x00000000a9b80000)
 Metaspace       used 14489K, capacity 14742K, committed 14976K, reserved 1062912K
  class space    used 1791K, capacity 1875K, committed 1920K, reserved 1048576K
Event: 11,529 GC heap after
Heap after GC invocations=4 (full 0):
 PSYoungGen      total 51712K, used 3568K [0x00000000e1f80000, 0x00000000e5580000, 0x0000000100000000)
  eden space 48128K, 0% used [0x00000000e1f80000,0x00000000e1f80000,0x00000000e4e80000)
  from space 3584K, 99% used [0x00000000e5200000,0x00000000e557c030,0x00000000e5580000)
  to   space 3584K, 0% used [0x00000000e4e80000,0x00000000e4e80000,0x00000000e5200000)
 ParOldGen       total 62976K, used 4853K [0x00000000a5e00000, 0x00000000a9b80000, 0x00000000e1f80000)
  object space 62976K, 7% used [0x00000000a5e00000,0x00000000a62bd6b0,0x00000000a9b80000)
 Metaspace       used 14489K, capacity 14742K, committed 14976K, reserved 1062912K
  class space    used 1791K, capacity 1875K, committed 1920K, reserved 1048576K
}
Event: 15,722 GC heap before
{Heap before GC invocations=5 (full 0):
 PSYoungGen      total 51712K, used 51696K [0x00000000e1f80000, 0x00000000e5580000, 0x0000000100000000)
  eden space 48128K, 100% used [0x00000000e1f80000,0x00000000e4e80000,0x00000000e4e80000)
  from space 3584K, 99% used [0x00000000e5200000,0x00000000e557c030,0x00000000e5580000)
  to   space 3584K, 0% used [0x00000000e4e80000,0x00000000e4e80000,0x00000000e5200000)
 ParOldGen       total 62976K, used 4853K [0x00000000a5e00000, 0x00000000a9b80000, 0x00000000e1f80000)
  object space 62976K, 7% used [0x00000000a5e00000,0x00000000a62bd6b0,0x00000000a9b80000)
 Metaspace       used 15620K, capacity 15946K, committed 16128K, reserved 1062912K
  class space    used 1906K, capacity 1989K, committed 2048K, reserved 1048576K
Event: 15,787 GC heap after
Heap after GC invocations=5 (full 0):
 PSYoungGen      total 51712K, used 3552K [0x00000000e1f80000, 0x00000000e8d80000, 0x0000000100000000)
  eden space 48128K, 0% used [0x00000000e1f80000,0x00000000e1f80000,0x00000000e4e80000)
  from space 3584K, 99% used [0x00000000e4e80000,0x00000000e51f8020,0x00000000e5200000)
  to   space 8192K, 0% used [0x00000000e8580000,0x00000000e8580000,0x00000000e8d80000)
 ParOldGen       total 62976K, used 8452K [0x00000000a5e00000, 0x00000000a9b80000, 0x00000000e1f80000)
  object space 62976K, 13% used [0x00000000a5e00000,0x00000000a6641070,0x00000000a9b80000)
 Metaspace       used 15620K, capacity 15946K, committed 16128K, reserved 1062912K
  class space    used 1906K, capacity 1989K, committed 2048K, reserved 1048576K
}
Event: 21,489 GC heap before
{Heap before GC invocations=6 (full 0):
 PSYoungGen      total 51712K, used 51680K [0x00000000e1f80000, 0x00000000e8d80000, 0x0000000100000000)
  eden space 48128K, 100% used [0x00000000e1f80000,0x00000000e4e80000,0x00000000e4e80000)
  from space 3584K, 99% used [0x00000000e4e80000,0x00000000e51f8020,0x00000000e5200000)
  to   space 8192K, 0% used [0x00000000e8580000,0x00000000e8580000,0x00000000e8d80000)
 ParOldGen       total 62976K, used 8452K [0x00000000a5e00000, 0x00000000a9b80000, 0x00000000e1f80000)
  object space 62976K, 13% used [0x00000000a5e00000,0x00000000a6641070,0x00000000a9b80000)
 Metaspace       used 19693K, capacity 20206K, committed 20352K, reserved 1067008K
  class space    used 2432K, capacity 2581K, committed 2688K, reserved 1048576K

